{"/home/arian/Documents/Netflix/backend/src/index.js": {"path":"/home/arian/Documents/Netflix/backend/src/index.js","statementMap":{"0":{"start":{"line":1,"column":16},"end":{"line":1,"column":34}},"1":{"start":{"line":2,"column":15},"end":{"line":2,"column":32}},"2":{"start":{"line":3,"column":0},"end":{"line":3,"column":16}},"3":{"start":{"line":4,"column":12},"end":{"line":4,"column":21}},"4":{"start":{"line":5,"column":20},"end":{"line":5,"column":51}},"5":{"start":{"line":6,"column":19},"end":{"line":6,"column":49}},"6":{"start":{"line":7,"column":28},"end":{"line":7,"column":52}},"7":{"start":{"line":10,"column":13},"end":{"line":10,"column":28}},"8":{"start":{"line":11,"column":20},"end":{"line":11,"column":38}},"9":{"start":{"line":12,"column":13},"end":{"line":12,"column":37}},"10":{"start":{"line":14,"column":0},"end":{"line":14,"column":15}},"11":{"start":{"line":15,"column":0},"end":{"line":15,"column":23}},"12":{"start":{"line":16,"column":0},"end":{"line":16,"column":10}},"13":{"start":{"line":17,"column":0},"end":{"line":17,"column":24}},"14":{"start":{"line":18,"column":0},"end":{"line":18,"column":31}},"15":{"start":{"line":19,"column":0},"end":{"line":19,"column":28}},"16":{"start":{"line":21,"column":0},"end":{"line":27,"column":1}},"17":{"start":{"line":22,"column":2},"end":{"line":26,"column":4}},"18":{"start":{"line":23,"column":4},"end":{"line":25,"column":5}},"19":{"start":{"line":24,"column":6},"end":{"line":24,"column":25}},"20":{"start":{"line":29,"column":15},"end":{"line":33,"column":2}},"21":{"start":{"line":30,"column":2},"end":{"line":32,"column":3}},"22":{"start":{"line":31,"column":2},"end":{"line":31,"column":70}},"23":{"start":{"line":36,"column":0},"end":{"line":36,"column":33}}},"fnMap":{"0":{"name":"(anonymous_0)","decl":{"start":{"line":22,"column":20},"end":{"line":22,"column":21}},"loc":{"start":{"line":22,"column":37},"end":{"line":26,"column":3}},"line":22},"1":{"name":"(anonymous_1)","decl":{"start":{"line":29,"column":32},"end":{"line":29,"column":33}},"loc":{"start":{"line":29,"column":38},"end":{"line":33,"column":1}},"line":29}},"branchMap":{"0":{"loc":{"start":{"line":12,"column":13},"end":{"line":12,"column":37}},"type":"binary-expr","locations":[{"start":{"line":12,"column":13},"end":{"line":12,"column":29}},{"start":{"line":12,"column":33},"end":{"line":12,"column":37}}],"line":12},"1":{"loc":{"start":{"line":21,"column":0},"end":{"line":27,"column":1}},"type":"if","locations":[{"start":{"line":21,"column":0},"end":{"line":27,"column":1}},{"start":{},"end":{}}],"line":21},"2":{"loc":{"start":{"line":23,"column":4},"end":{"line":25,"column":5}},"type":"if","locations":[{"start":{"line":23,"column":4},"end":{"line":25,"column":5}},{"start":{},"end":{}}],"line":23},"3":{"loc":{"start":{"line":30,"column":2},"end":{"line":32,"column":3}},"type":"if","locations":[{"start":{"line":30,"column":2},"end":{"line":32,"column":3}},{"start":{},"end":{}}],"line":30}},"s":{"0":1,"1":1,"2":1,"3":1,"4":1,"5":1,"6":1,"7":1,"8":1,"9":1,"10":1,"11":1,"12":1,"13":1,"14":1,"15":1,"16":1,"17":0,"18":0,"19":0,"20":1,"21":1,"22":0,"23":1},"f":{"0":0,"1":1},"b":{"0":[1,0],"1":[0,1],"2":[0,0],"3":[0,1]},"_coverageSchema":"1a1c01bbd47fc00a2c39e90264f33305004495a9","hash":"4de8c6d07b55136c87532dcff323c1ac8072b25c"}
,"/home/arian/Documents/Netflix/backend/src/helpers/isAdmin.js": {"path":"/home/arian/Documents/Netflix/backend/src/helpers/isAdmin.js","statementMap":{"0":{"start":{"line":1,"column":0},"end":{"line":6,"column":1}},"1":{"start":{"line":2,"column":4},"end":{"line":4,"column":5}},"2":{"start":{"line":3,"column":8},"end":{"line":3,"column":74}},"3":{"start":{"line":5,"column":4},"end":{"line":5,"column":10}},"4":{"start":{"line":10,"column":0},"end":{"line":15,"column":1}},"5":{"start":{"line":11,"column":4},"end":{"line":13,"column":5}},"6":{"start":{"line":12,"column":8},"end":{"line":12,"column":71}},"7":{"start":{"line":14,"column":4},"end":{"line":14,"column":10}}},"fnMap":{"0":{"name":"(anonymous_0)","decl":{"start":{"line":1,"column":18},"end":{"line":1,"column":19}},"loc":{"start":{"line":1,"column":47},"end":{"line":6,"column":1}},"line":1},"1":{"name":"(anonymous_1)","decl":{"start":{"line":10,"column":23},"end":{"line":10,"column":24}},"loc":{"start":{"line":10,"column":52},"end":{"line":15,"column":1}},"line":10}},"branchMap":{"0":{"loc":{"start":{"line":2,"column":4},"end":{"line":4,"column":5}},"type":"if","locations":[{"start":{"line":2,"column":4},"end":{"line":4,"column":5}},{"start":{},"end":{}}],"line":2},"1":{"loc":{"start":{"line":11,"column":4},"end":{"line":13,"column":5}},"type":"if","locations":[{"start":{"line":11,"column":4},"end":{"line":13,"column":5}},{"start":{},"end":{}}],"line":11},"2":{"loc":{"start":{"line":11,"column":8},"end":{"line":11,"column":78}},"type":"binary-expr","locations":[{"start":{"line":11,"column":8},"end":{"line":11,"column":45}},{"start":{"line":11,"column":49},"end":{"line":11,"column":78}}],"line":11}},"s":{"0":1,"1":4,"2":1,"3":3,"4":1,"5":9,"6":2,"7":7},"f":{"0":4,"1":9},"b":{"0":[1,3],"1":[2,7],"2":[9,6]},"_coverageSchema":"1a1c01bbd47fc00a2c39e90264f33305004495a9","hash":"744dee5892e191a2f0e6f9b1be7fd40adf58ccef"}
,"/home/arian/Documents/Netflix/backend/src/helpers/verifyToken.js": {"path":"/home/arian/Documents/Netflix/backend/src/helpers/verifyToken.js","statementMap":{"0":{"start":{"line":1,"column":16},"end":{"line":1,"column":34}},"1":{"start":{"line":2,"column":12},"end":{"line":2,"column":35}},"2":{"start":{"line":3,"column":18},"end":{"line":3,"column":40}},"3":{"start":{"line":6,"column":20},"end":{"line":6,"column":36}},"4":{"start":{"line":9,"column":0},"end":{"line":27,"column":3}},"5":{"start":{"line":10,"column":23},"end":{"line":10,"column":52}},"6":{"start":{"line":12,"column":4},"end":{"line":26,"column":5}},"7":{"start":{"line":13,"column":22},"end":{"line":13,"column":46}},"8":{"start":{"line":14,"column":8},"end":{"line":21,"column":11}},"9":{"start":{"line":15,"column":12},"end":{"line":20,"column":13}},"10":{"start":{"line":16,"column":16},"end":{"line":16,"column":79}},"11":{"start":{"line":18,"column":16},"end":{"line":18,"column":42}},"12":{"start":{"line":19,"column":16},"end":{"line":19,"column":23}},"13":{"start":{"line":23,"column":8},"end":{"line":25,"column":11}},"14":{"start":{"line":28,"column":0},"end":{"line":28,"column":30}}},"fnMap":{"0":{"name":"(anonymous_0)","decl":{"start":{"line":9,"column":16},"end":{"line":9,"column":17}},"loc":{"start":{"line":9,"column":45},"end":{"line":27,"column":1}},"line":9},"1":{"name":"(anonymous_1)","decl":{"start":{"line":14,"column":37},"end":{"line":14,"column":38}},"loc":{"start":{"line":14,"column":57},"end":{"line":21,"column":9}},"line":14}},"branchMap":{"0":{"loc":{"start":{"line":12,"column":4},"end":{"line":26,"column":5}},"type":"if","locations":[{"start":{"line":12,"column":4},"end":{"line":26,"column":5}},{"start":{"line":22,"column":11},"end":{"line":26,"column":5}}],"line":12},"1":{"loc":{"start":{"line":15,"column":12},"end":{"line":20,"column":13}},"type":"if","locations":[{"start":{"line":15,"column":12},"end":{"line":20,"column":13}},{"start":{"line":17,"column":19},"end":{"line":20,"column":13}}],"line":15}},"s":{"0":1,"1":1,"2":1,"3":1,"4":1,"5":0,"6":0,"7":0,"8":0,"9":0,"10":0,"11":0,"12":0,"13":0,"14":1},"f":{"0":0,"1":0},"b":{"0":[0,0],"1":[0,0]},"_coverageSchema":"1a1c01bbd47fc00a2c39e90264f33305004495a9","hash":"9b30e6b54df180d182e30a7b8be61f8afa61bb5a"}
,"/home/arian/Documents/Netflix/backend/src/mongo/index.js": {"path":"/home/arian/Documents/Netflix/backend/src/mongo/index.js","statementMap":{"0":{"start":{"line":1,"column":17},"end":{"line":1,"column":36}},"1":{"start":{"line":2,"column":21},"end":{"line":2,"column":45}},"2":{"start":{"line":3,"column":30},"end":{"line":3,"column":62}},"3":{"start":{"line":4,"column":17},"end":{"line":4,"column":49}},"4":{"start":{"line":8,"column":13},"end":{"line":8,"column":17}},"5":{"start":{"line":10,"column":18},"end":{"line":57,"column":1}},"6":{"start":{"line":11,"column":4},"end":{"line":56,"column":5}},"7":{"start":{"line":12,"column":20},"end":{"line":12,"column":80}},"8":{"start":{"line":13,"column":8},"end":{"line":16,"column":9}},"9":{"start":{"line":14,"column":12},"end":{"line":14,"column":54}},"10":{"start":{"line":15,"column":12},"end":{"line":15,"column":36}},"11":{"start":{"line":18,"column":8},"end":{"line":21,"column":11}},"12":{"start":{"line":23,"column":8},"end":{"line":26,"column":9}},"13":{"start":{"line":24,"column":12},"end":{"line":24,"column":49}},"14":{"start":{"line":25,"column":12},"end":{"line":25,"column":60}},"15":{"start":{"line":28,"column":22},"end":{"line":28,"column":59}},"16":{"start":{"line":29,"column":8},"end":{"line":49,"column":9}},"17":{"start":{"line":30,"column":12},"end":{"line":32,"column":13}},"18":{"start":{"line":31,"column":16},"end":{"line":31,"column":84}},"19":{"start":{"line":34,"column":26},"end":{"line":39,"column":14}},"20":{"start":{"line":41,"column":12},"end":{"line":41,"column":31}},"21":{"start":{"line":42,"column":12},"end":{"line":44,"column":13}},"22":{"start":{"line":43,"column":16},"end":{"line":43,"column":80}},"23":{"start":{"line":46,"column":12},"end":{"line":48,"column":13}},"24":{"start":{"line":47,"column":16},"end":{"line":47,"column":78}},"25":{"start":{"line":55,"column":8},"end":{"line":55,"column":25}},"26":{"start":{"line":59,"column":21},"end":{"line":68,"column":1}},"27":{"start":{"line":60,"column":4},"end":{"line":67,"column":5}},"28":{"start":{"line":61,"column":8},"end":{"line":61,"column":42}},"29":{"start":{"line":62,"column":8},"end":{"line":64,"column":9}},"30":{"start":{"line":63,"column":12},"end":{"line":63,"column":32}},"31":{"start":{"line":66,"column":8},"end":{"line":66,"column":25}},"32":{"start":{"line":70,"column":0},"end":{"line":70,"column":45}}},"fnMap":{"0":{"name":"(anonymous_0)","decl":{"start":{"line":10,"column":18},"end":{"line":10,"column":19}},"loc":{"start":{"line":10,"column":30},"end":{"line":57,"column":1}},"line":10},"1":{"name":"(anonymous_1)","decl":{"start":{"line":59,"column":21},"end":{"line":59,"column":22}},"loc":{"start":{"line":59,"column":33},"end":{"line":68,"column":1}},"line":59}},"branchMap":{"0":{"loc":{"start":{"line":13,"column":8},"end":{"line":16,"column":9}},"type":"if","locations":[{"start":{"line":13,"column":8},"end":{"line":16,"column":9}},{"start":{},"end":{}}],"line":13},"1":{"loc":{"start":{"line":23,"column":8},"end":{"line":26,"column":9}},"type":"if","locations":[{"start":{"line":23,"column":8},"end":{"line":26,"column":9}},{"start":{},"end":{}}],"line":23},"2":{"loc":{"start":{"line":29,"column":8},"end":{"line":49,"column":9}},"type":"if","locations":[{"start":{"line":29,"column":8},"end":{"line":49,"column":9}},{"start":{"line":45,"column":15},"end":{"line":49,"column":9}}],"line":29},"3":{"loc":{"start":{"line":30,"column":12},"end":{"line":32,"column":13}},"type":"if","locations":[{"start":{"line":30,"column":12},"end":{"line":32,"column":13}},{"start":{},"end":{}}],"line":30},"4":{"loc":{"start":{"line":42,"column":12},"end":{"line":44,"column":13}},"type":"if","locations":[{"start":{"line":42,"column":12},"end":{"line":44,"column":13}},{"start":{},"end":{}}],"line":42},"5":{"loc":{"start":{"line":46,"column":12},"end":{"line":48,"column":13}},"type":"if","locations":[{"start":{"line":46,"column":12},"end":{"line":48,"column":13}},{"start":{},"end":{}}],"line":46},"6":{"loc":{"start":{"line":62,"column":8},"end":{"line":64,"column":9}},"type":"if","locations":[{"start":{"line":62,"column":8},"end":{"line":64,"column":9}},{"start":{},"end":{}}],"line":62}},"s":{"0":1,"1":1,"2":1,"3":1,"4":1,"5":1,"6":1,"7":1,"8":1,"9":1,"10":1,"11":1,"12":1,"13":0,"14":0,"15":1,"16":1,"17":1,"18":0,"19":1,"20":1,"21":1,"22":0,"23":0,"24":0,"25":0,"26":1,"27":1,"28":1,"29":1,"30":1,"31":0,"32":1},"f":{"0":1,"1":1},"b":{"0":[1,0],"1":[0,1],"2":[1,0],"3":[0,1],"4":[0,1],"5":[0,0],"6":[1,0]},"_coverageSchema":"1a1c01bbd47fc00a2c39e90264f33305004495a9","hash":"43215126721f353d4f04ed8b2cf1b06765372975"}
,"/home/arian/Documents/Netflix/backend/src/mongo/schemas/movie.js": {"path":"/home/arian/Documents/Netflix/backend/src/mongo/schemas/movie.js","statementMap":{"0":{"start":{"line":1,"column":26},"end":{"line":1,"column":45}},"1":{"start":{"line":4,"column":20},"end":{"line":18,"column":2}},"2":{"start":{"line":20,"column":14},"end":{"line":20,"column":41}},"3":{"start":{"line":21,"column":0},"end":{"line":21,"column":23}}},"fnMap":{},"branchMap":{},"s":{"0":1,"1":1,"2":1,"3":1},"f":{},"b":{},"_coverageSchema":"1a1c01bbd47fc00a2c39e90264f33305004495a9","hash":"9a9bd53f9ca875f46d90f13ccacea5aec009a6e2"}
,"/home/arian/Documents/Netflix/backend/src/mongo/schemas/user.js": {"path":"/home/arian/Documents/Netflix/backend/src/mongo/schemas/user.js","statementMap":{"0":{"start":{"line":1,"column":26},"end":{"line":1,"column":45}},"1":{"start":{"line":2,"column":0},"end":{"line":2,"column":27}},"2":{"start":{"line":3,"column":18},"end":{"line":3,"column":40}},"3":{"start":{"line":4,"column":13},"end":{"line":4,"column":30}},"4":{"start":{"line":5,"column":10},"end":{"line":5,"column":33}},"5":{"start":{"line":6,"column":19},"end":{"line":6,"column":53}},"6":{"start":{"line":10,"column":19},"end":{"line":23,"column":2}},"7":{"start":{"line":25,"column":0},"end":{"line":30,"column":3}},"8":{"start":{"line":26,"column":1},"end":{"line":26,"column":48}},"9":{"start":{"line":26,"column":34},"end":{"line":26,"column":48}},"10":{"start":{"line":27,"column":14},"end":{"line":27,"column":68}},"11":{"start":{"line":28,"column":1},"end":{"line":28,"column":22}},"12":{"start":{"line":29,"column":1},"end":{"line":29,"column":8}},"13":{"start":{"line":33,"column":0},"end":{"line":35,"column":2}},"14":{"start":{"line":34,"column":2},"end":{"line":34,"column":54}},"15":{"start":{"line":37,"column":20},"end":{"line":52,"column":1}},"16":{"start":{"line":38,"column":16},"end":{"line":38,"column":26}},"17":{"start":{"line":39,"column":25},"end":{"line":39,"column":35}},"18":{"start":{"line":40,"column":2},"end":{"line":40,"column":46}},"19":{"start":{"line":42,"column":16},"end":{"line":47,"column":3}},"20":{"start":{"line":49,"column":2},"end":{"line":51,"column":4}},"21":{"start":{"line":54,"column":13},"end":{"line":54,"column":38}},"22":{"start":{"line":55,"column":0},"end":{"line":55,"column":39}}},"fnMap":{"0":{"name":"(anonymous_0)","decl":{"start":{"line":25,"column":23},"end":{"line":25,"column":24}},"loc":{"start":{"line":25,"column":37},"end":{"line":30,"column":1}},"line":25},"1":{"name":"(anonymous_1)","decl":{"start":{"line":33,"column":37},"end":{"line":33,"column":38}},"loc":{"start":{"line":33,"column":63},"end":{"line":35,"column":1}},"line":33},"2":{"name":"(anonymous_2)","decl":{"start":{"line":37,"column":20},"end":{"line":37,"column":21}},"loc":{"start":{"line":37,"column":36},"end":{"line":52,"column":1}},"line":37}},"branchMap":{"0":{"loc":{"start":{"line":26,"column":1},"end":{"line":26,"column":48}},"type":"if","locations":[{"start":{"line":26,"column":1},"end":{"line":26,"column":48}},{"start":{},"end":{}}],"line":26}},"s":{"0":1,"1":1,"2":1,"3":1,"4":1,"5":1,"6":1,"7":1,"8":6,"9":2,"10":4,"11":4,"12":4,"13":1,"14":0,"15":1,"16":4,"17":4,"18":4,"19":4,"20":4,"21":1,"22":1},"f":{"0":6,"1":0,"2":4},"b":{"0":[2,4]},"_coverageSchema":"1a1c01bbd47fc00a2c39e90264f33305004495a9","hash":"2c8023f3bba9d8fd9264720cd913a5bdc96bcae6"}
,"/home/arian/Documents/Netflix/backend/src/routes/Auth.js": {"path":"/home/arian/Documents/Netflix/backend/src/routes/Auth.js","statementMap":{"0":{"start":{"line":1,"column":23},"end":{"line":1,"column":45}},"1":{"start":{"line":2,"column":16},"end":{"line":2,"column":34}},"2":{"start":{"line":3,"column":0},"end":{"line":3,"column":27}},"3":{"start":{"line":4,"column":18},"end":{"line":4,"column":40}},"4":{"start":{"line":5,"column":13},"end":{"line":5,"column":30}},"5":{"start":{"line":6,"column":30},"end":{"line":6,"column":62}},"6":{"start":{"line":7,"column":21},"end":{"line":7,"column":39}},"7":{"start":{"line":9,"column":19},"end":{"line":9,"column":35}},"8":{"start":{"line":11,"column":0},"end":{"line":37,"column":3}},"9":{"start":{"line":12,"column":4},"end":{"line":36,"column":5}},"10":{"start":{"line":13,"column":27},"end":{"line":13,"column":76}},"11":{"start":{"line":14,"column":8},"end":{"line":18,"column":9}},"12":{"start":{"line":15,"column":12},"end":{"line":17,"column":14}},"13":{"start":{"line":19,"column":21},"end":{"line":19,"column":43}},"14":{"start":{"line":20,"column":8},"end":{"line":20,"column":26}},"15":{"start":{"line":21,"column":22},"end":{"line":21,"column":39}},"16":{"start":{"line":22,"column":8},"end":{"line":30,"column":10}},"17":{"start":{"line":33,"column":8},"end":{"line":35,"column":10}},"18":{"start":{"line":40,"column":0},"end":{"line":67,"column":3}},"19":{"start":{"line":41,"column":4},"end":{"line":66,"column":5}},"20":{"start":{"line":42,"column":36},"end":{"line":42,"column":48}},"21":{"start":{"line":43,"column":21},"end":{"line":43,"column":50}},"22":{"start":{"line":44,"column":8},"end":{"line":46,"column":9}},"23":{"start":{"line":45,"column":12},"end":{"line":45,"column":80}},"24":{"start":{"line":47,"column":23},"end":{"line":47,"column":59}},"25":{"start":{"line":48,"column":8},"end":{"line":50,"column":9}},"26":{"start":{"line":49,"column":12},"end":{"line":49,"column":80}},"27":{"start":{"line":51,"column":22},"end":{"line":51,"column":39}},"28":{"start":{"line":52,"column":8},"end":{"line":60,"column":10}},"29":{"start":{"line":63,"column":8},"end":{"line":65,"column":10}},"30":{"start":{"line":71,"column":14},"end":{"line":75,"column":1}},"31":{"start":{"line":72,"column":4},"end":{"line":74,"column":8}},"32":{"start":{"line":78,"column":0},"end":{"line":78,"column":39}}},"fnMap":{"0":{"name":"(anonymous_0)","decl":{"start":{"line":11,"column":29},"end":{"line":11,"column":30}},"loc":{"start":{"line":11,"column":58},"end":{"line":37,"column":1}},"line":11},"1":{"name":"(anonymous_1)","decl":{"start":{"line":40,"column":26},"end":{"line":40,"column":27}},"loc":{"start":{"line":40,"column":55},"end":{"line":67,"column":1}},"line":40},"2":{"name":"(anonymous_2)","decl":{"start":{"line":71,"column":14},"end":{"line":71,"column":15}},"loc":{"start":{"line":71,"column":23},"end":{"line":75,"column":1}},"line":71}},"branchMap":{"0":{"loc":{"start":{"line":14,"column":8},"end":{"line":18,"column":9}},"type":"if","locations":[{"start":{"line":14,"column":8},"end":{"line":18,"column":9}},{"start":{},"end":{}}],"line":14},"1":{"loc":{"start":{"line":44,"column":8},"end":{"line":46,"column":9}},"type":"if","locations":[{"start":{"line":44,"column":8},"end":{"line":46,"column":9}},{"start":{},"end":{}}],"line":44},"2":{"loc":{"start":{"line":48,"column":8},"end":{"line":50,"column":9}},"type":"if","locations":[{"start":{"line":48,"column":8},"end":{"line":50,"column":9}},{"start":{},"end":{}}],"line":48}},"s":{"0":1,"1":1,"2":1,"3":1,"4":1,"5":1,"6":1,"7":1,"8":1,"9":0,"10":0,"11":0,"12":0,"13":0,"14":0,"15":0,"16":0,"17":0,"18":1,"19":0,"20":0,"21":0,"22":0,"23":0,"24":0,"25":0,"26":0,"27":0,"28":0,"29":0,"30":1,"31":1,"32":1},"f":{"0":0,"1":0,"2":1},"b":{"0":[0,0],"1":[0,0],"2":[0,0]},"_coverageSchema":"1a1c01bbd47fc00a2c39e90264f33305004495a9","hash":"f8619969ff6d2ad540a643f6e8a88c304272c216"}
,"/home/arian/Documents/Netflix/backend/src/routes/MovieRoutes.js": {"path":"/home/arian/Documents/Netflix/backend/src/routes/MovieRoutes.js","statementMap":{"0":{"start":{"line":1,"column":16},"end":{"line":1,"column":34}},"1":{"start":{"line":2,"column":14},"end":{"line":2,"column":47}},"2":{"start":{"line":6,"column":20},"end":{"line":6,"column":36}},"3":{"start":{"line":8,"column":0},"end":{"line":15,"column":2}},"4":{"start":{"line":9,"column":19},"end":{"line":9,"column":39}},"5":{"start":{"line":10,"column":4},"end":{"line":14,"column":5}},"6":{"start":{"line":11,"column":8},"end":{"line":11,"column":29}},"7":{"start":{"line":13,"column":8},"end":{"line":13,"column":40}},"8":{"start":{"line":18,"column":0},"end":{"line":27,"column":2}},"9":{"start":{"line":19,"column":15},"end":{"line":19,"column":32}},"10":{"start":{"line":20,"column":4},"end":{"line":26,"column":5}},"11":{"start":{"line":21,"column":22},"end":{"line":21,"column":46}},"12":{"start":{"line":22,"column":8},"end":{"line":22,"column":83}},"13":{"start":{"line":22,"column":20},"end":{"line":22,"column":83}},"14":{"start":{"line":23,"column":8},"end":{"line":23,"column":40}},"15":{"start":{"line":25,"column":8},"end":{"line":25,"column":40}},"16":{"start":{"line":31,"column":0},"end":{"line":39,"column":3}},"17":{"start":{"line":32,"column":21},"end":{"line":32,"column":44}},"18":{"start":{"line":33,"column":4},"end":{"line":38,"column":5}},"19":{"start":{"line":34,"column":8},"end":{"line":34,"column":29}},"20":{"start":{"line":35,"column":8},"end":{"line":35,"column":31}},"21":{"start":{"line":37,"column":8},"end":{"line":37,"column":40}},"22":{"start":{"line":45,"column":0},"end":{"line":54,"column":2}},"23":{"start":{"line":46,"column":4},"end":{"line":53,"column":5}},"24":{"start":{"line":47,"column":22},"end":{"line":47,"column":70}},"25":{"start":{"line":49,"column":8},"end":{"line":49,"column":62}},"26":{"start":{"line":49,"column":20},"end":{"line":49,"column":62}},"27":{"start":{"line":50,"column":8},"end":{"line":50,"column":35}},"28":{"start":{"line":52,"column":8},"end":{"line":52,"column":40}},"29":{"start":{"line":57,"column":0},"end":{"line":67,"column":2}},"30":{"start":{"line":58,"column":4},"end":{"line":66,"column":5}},"31":{"start":{"line":59,"column":22},"end":{"line":59,"column":99}},"32":{"start":{"line":60,"column":8},"end":{"line":62,"column":9}},"33":{"start":{"line":61,"column":12},"end":{"line":61,"column":54}},"34":{"start":{"line":63,"column":8},"end":{"line":63,"column":40}},"35":{"start":{"line":65,"column":8},"end":{"line":65,"column":40}},"36":{"start":{"line":71,"column":0},"end":{"line":71,"column":29}}},"fnMap":{"0":{"name":"(anonymous_0)","decl":{"start":{"line":8,"column":21},"end":{"line":8,"column":22}},"loc":{"start":{"line":8,"column":50},"end":{"line":15,"column":1}},"line":8},"1":{"name":"(anonymous_1)","decl":{"start":{"line":18,"column":24},"end":{"line":18,"column":25}},"loc":{"start":{"line":18,"column":53},"end":{"line":27,"column":1}},"line":18},"2":{"name":"(anonymous_2)","decl":{"start":{"line":31,"column":22},"end":{"line":31,"column":23}},"loc":{"start":{"line":31,"column":51},"end":{"line":39,"column":1}},"line":31},"3":{"name":"(anonymous_3)","decl":{"start":{"line":45,"column":27},"end":{"line":45,"column":28}},"loc":{"start":{"line":45,"column":56},"end":{"line":54,"column":1}},"line":45},"4":{"name":"(anonymous_4)","decl":{"start":{"line":57,"column":26},"end":{"line":57,"column":27}},"loc":{"start":{"line":57,"column":55},"end":{"line":67,"column":1}},"line":57}},"branchMap":{"0":{"loc":{"start":{"line":22,"column":8},"end":{"line":22,"column":83}},"type":"if","locations":[{"start":{"line":22,"column":8},"end":{"line":22,"column":83}},{"start":{},"end":{}}],"line":22},"1":{"loc":{"start":{"line":49,"column":8},"end":{"line":49,"column":62}},"type":"if","locations":[{"start":{"line":49,"column":8},"end":{"line":49,"column":62}},{"start":{},"end":{}}],"line":49},"2":{"loc":{"start":{"line":60,"column":8},"end":{"line":62,"column":9}},"type":"if","locations":[{"start":{"line":60,"column":8},"end":{"line":62,"column":9}},{"start":{},"end":{}}],"line":60}},"s":{"0":1,"1":1,"2":1,"3":1,"4":0,"5":0,"6":0,"7":0,"8":1,"9":0,"10":0,"11":0,"12":0,"13":0,"14":0,"15":0,"16":1,"17":0,"18":0,"19":0,"20":0,"21":0,"22":1,"23":0,"24":0,"25":0,"26":0,"27":0,"28":0,"29":1,"30":0,"31":0,"32":0,"33":0,"34":0,"35":0,"36":1},"f":{"0":0,"1":0,"2":0,"3":0,"4":0},"b":{"0":[0,0],"1":[0,0],"2":[0,0]},"_coverageSchema":"1a1c01bbd47fc00a2c39e90264f33305004495a9","hash":"5d7e4198ef7f7b7ff8bffe82cfcfa6b0491189d0"}
,"/home/arian/Documents/Netflix/backend/src/routes/UserRoutes.js": {"path":"/home/arian/Documents/Netflix/backend/src/routes/UserRoutes.js","statementMap":{"0":{"start":{"line":1,"column":16},"end":{"line":1,"column":34}},"1":{"start":{"line":2,"column":17},"end":{"line":2,"column":49}},"2":{"start":{"line":3,"column":20},"end":{"line":3,"column":53}},"3":{"start":{"line":4,"column":55},"end":{"line":4,"column":84}},"4":{"start":{"line":5,"column":30},"end":{"line":5,"column":49}},"5":{"start":{"line":8,"column":19},"end":{"line":8,"column":35}},"6":{"start":{"line":11,"column":0},"end":{"line":18,"column":2}},"7":{"start":{"line":12,"column":18},"end":{"line":12,"column":37}},"8":{"start":{"line":13,"column":4},"end":{"line":17,"column":5}},"9":{"start":{"line":14,"column":8},"end":{"line":14,"column":28}},"10":{"start":{"line":16,"column":8},"end":{"line":16,"column":40}},"11":{"start":{"line":21,"column":0},"end":{"line":34,"column":2}},"12":{"start":{"line":22,"column":15},"end":{"line":22,"column":32}},"13":{"start":{"line":23,"column":4},"end":{"line":33,"column":5}},"14":{"start":{"line":24,"column":21},"end":{"line":24,"column":44}},"15":{"start":{"line":25,"column":8},"end":{"line":25,"column":81}},"16":{"start":{"line":25,"column":19},"end":{"line":25,"column":81}},"17":{"start":{"line":26,"column":8},"end":{"line":30,"column":9}},"18":{"start":{"line":27,"column":12},"end":{"line":27,"column":75}},"19":{"start":{"line":29,"column":12},"end":{"line":29,"column":50}},"20":{"start":{"line":32,"column":8},"end":{"line":32,"column":40}},"21":{"start":{"line":36,"column":0},"end":{"line":46,"column":3}},"22":{"start":{"line":37,"column":17},"end":{"line":37,"column":29}},"23":{"start":{"line":38,"column":17},"end":{"line":42,"column":5}},"24":{"start":{"line":43,"column":20},"end":{"line":43,"column":34}},"25":{"start":{"line":44,"column":4},"end":{"line":44,"column":24}},"26":{"start":{"line":45,"column":4},"end":{"line":45,"column":38}},"27":{"start":{"line":49,"column":0},"end":{"line":64,"column":2}},"28":{"start":{"line":50,"column":15},"end":{"line":50,"column":32}},"29":{"start":{"line":51,"column":20},"end":{"line":51,"column":35}},"30":{"start":{"line":52,"column":4},"end":{"line":63,"column":5}},"31":{"start":{"line":53,"column":21},"end":{"line":53,"column":44}},"32":{"start":{"line":54,"column":8},"end":{"line":54,"column":81}},"33":{"start":{"line":54,"column":19},"end":{"line":54,"column":81}},"34":{"start":{"line":55,"column":8},"end":{"line":57,"column":9}},"35":{"start":{"line":56,"column":12},"end":{"line":56,"column":82}},"36":{"start":{"line":58,"column":8},"end":{"line":58,"column":31}},"37":{"start":{"line":59,"column":8},"end":{"line":59,"column":25}},"38":{"start":{"line":60,"column":8},"end":{"line":60,"column":39}},"39":{"start":{"line":62,"column":8},"end":{"line":62,"column":40}},"40":{"start":{"line":67,"column":0},"end":{"line":76,"column":2}},"41":{"start":{"line":68,"column":15},"end":{"line":68,"column":32}},"42":{"start":{"line":69,"column":4},"end":{"line":75,"column":5}},"43":{"start":{"line":70,"column":21},"end":{"line":70,"column":44}},"44":{"start":{"line":71,"column":8},"end":{"line":71,"column":81}},"45":{"start":{"line":71,"column":19},"end":{"line":71,"column":81}},"46":{"start":{"line":72,"column":8},"end":{"line":72,"column":44}},"47":{"start":{"line":74,"column":8},"end":{"line":74,"column":40}},"48":{"start":{"line":80,"column":0},"end":{"line":95,"column":2}},"49":{"start":{"line":81,"column":15},"end":{"line":81,"column":32}},"50":{"start":{"line":82,"column":4},"end":{"line":94,"column":5}},"51":{"start":{"line":83,"column":21},"end":{"line":83,"column":44}},"52":{"start":{"line":84,"column":8},"end":{"line":84,"column":74}},"53":{"start":{"line":84,"column":19},"end":{"line":84,"column":74}},"54":{"start":{"line":85,"column":8},"end":{"line":90,"column":9}},"55":{"start":{"line":86,"column":12},"end":{"line":86,"column":75}},"56":{"start":{"line":88,"column":12},"end":{"line":88,"column":60}},"57":{"start":{"line":89,"column":12},"end":{"line":89,"column":60}},"58":{"start":{"line":93,"column":8},"end":{"line":93,"column":66}},"59":{"start":{"line":98,"column":0},"end":{"line":110,"column":2}},"60":{"start":{"line":99,"column":20},"end":{"line":99,"column":42}},"61":{"start":{"line":100,"column":17},"end":{"line":100,"column":55}},"62":{"start":{"line":101,"column":4},"end":{"line":109,"column":5}},"63":{"start":{"line":102,"column":22},"end":{"line":102,"column":48}},"64":{"start":{"line":103,"column":8},"end":{"line":103,"column":89}},"65":{"start":{"line":103,"column":26},"end":{"line":103,"column":89}},"66":{"start":{"line":104,"column":8},"end":{"line":104,"column":34}},"67":{"start":{"line":105,"column":8},"end":{"line":105,"column":25}},"68":{"start":{"line":106,"column":8},"end":{"line":106,"column":70}},"69":{"start":{"line":108,"column":8},"end":{"line":108,"column":66}},"70":{"start":{"line":113,"column":0},"end":{"line":120,"column":2}},"71":{"start":{"line":114,"column":4},"end":{"line":119,"column":5}},"72":{"start":{"line":115,"column":28},"end":{"line":115,"column":113}},"73":{"start":{"line":116,"column":8},"end":{"line":116,"column":53}},"74":{"start":{"line":118,"column":8},"end":{"line":118,"column":66}},"75":{"start":{"line":123,"column":0},"end":{"line":123,"column":28}}},"fnMap":{"0":{"name":"(anonymous_0)","decl":{"start":{"line":11,"column":20},"end":{"line":11,"column":21}},"loc":{"start":{"line":11,"column":49},"end":{"line":18,"column":1}},"line":11},"1":{"name":"(anonymous_1)","decl":{"start":{"line":21,"column":23},"end":{"line":21,"column":24}},"loc":{"start":{"line":21,"column":52},"end":{"line":34,"column":1}},"line":21},"2":{"name":"(anonymous_2)","decl":{"start":{"line":36,"column":30},"end":{"line":36,"column":31}},"loc":{"start":{"line":36,"column":59},"end":{"line":46,"column":1}},"line":36},"3":{"name":"(anonymous_3)","decl":{"start":{"line":49,"column":43},"end":{"line":49,"column":44}},"loc":{"start":{"line":49,"column":72},"end":{"line":64,"column":1}},"line":49},"4":{"name":"(anonymous_4)","decl":{"start":{"line":67,"column":42},"end":{"line":67,"column":43}},"loc":{"start":{"line":67,"column":71},"end":{"line":76,"column":1}},"line":67},"5":{"name":"(anonymous_5)","decl":{"start":{"line":80,"column":26},"end":{"line":80,"column":27}},"loc":{"start":{"line":80,"column":55},"end":{"line":95,"column":1}},"line":80},"6":{"name":"(anonymous_6)","decl":{"start":{"line":98,"column":54},"end":{"line":98,"column":55}},"loc":{"start":{"line":98,"column":83},"end":{"line":110,"column":1}},"line":98},"7":{"name":"(anonymous_7)","decl":{"start":{"line":113,"column":39},"end":{"line":113,"column":40}},"loc":{"start":{"line":113,"column":68},"end":{"line":120,"column":1}},"line":113}},"branchMap":{"0":{"loc":{"start":{"line":25,"column":8},"end":{"line":25,"column":81}},"type":"if","locations":[{"start":{"line":25,"column":8},"end":{"line":25,"column":81}},{"start":{},"end":{}}],"line":25},"1":{"loc":{"start":{"line":26,"column":8},"end":{"line":30,"column":9}},"type":"if","locations":[{"start":{"line":26,"column":8},"end":{"line":30,"column":9}},{"start":{"line":28,"column":15},"end":{"line":30,"column":9}}],"line":26},"2":{"loc":{"start":{"line":26,"column":12},"end":{"line":26,"column":82}},"type":"binary-expr","locations":[{"start":{"line":26,"column":12},"end":{"line":26,"column":49}},{"start":{"line":26,"column":53},"end":{"line":26,"column":82}}],"line":26},"3":{"loc":{"start":{"line":54,"column":8},"end":{"line":54,"column":81}},"type":"if","locations":[{"start":{"line":54,"column":8},"end":{"line":54,"column":81}},{"start":{},"end":{}}],"line":54},"4":{"loc":{"start":{"line":55,"column":8},"end":{"line":57,"column":9}},"type":"if","locations":[{"start":{"line":55,"column":8},"end":{"line":57,"column":9}},{"start":{},"end":{}}],"line":55},"5":{"loc":{"start":{"line":71,"column":8},"end":{"line":71,"column":81}},"type":"if","locations":[{"start":{"line":71,"column":8},"end":{"line":71,"column":81}},{"start":{},"end":{}}],"line":71},"6":{"loc":{"start":{"line":84,"column":8},"end":{"line":84,"column":74}},"type":"if","locations":[{"start":{"line":84,"column":8},"end":{"line":84,"column":74}},{"start":{},"end":{}}],"line":84},"7":{"loc":{"start":{"line":85,"column":8},"end":{"line":90,"column":9}},"type":"if","locations":[{"start":{"line":85,"column":8},"end":{"line":90,"column":9}},{"start":{"line":87,"column":15},"end":{"line":90,"column":9}}],"line":85},"8":{"loc":{"start":{"line":85,"column":12},"end":{"line":85,"column":82}},"type":"binary-expr","locations":[{"start":{"line":85,"column":12},"end":{"line":85,"column":49}},{"start":{"line":85,"column":53},"end":{"line":85,"column":82}}],"line":85},"9":{"loc":{"start":{"line":103,"column":8},"end":{"line":103,"column":89}},"type":"if","locations":[{"start":{"line":103,"column":8},"end":{"line":103,"column":89}},{"start":{},"end":{}}],"line":103}},"s":{"0":1,"1":1,"2":1,"3":1,"4":1,"5":1,"6":1,"7":1,"8":1,"9":1,"10":0,"11":1,"12":3,"13":3,"14":3,"15":3,"16":0,"17":3,"18":1,"19":2,"20":0,"21":1,"22":3,"23":3,"24":3,"25":3,"26":3,"27":1,"28":0,"29":0,"30":0,"31":0,"32":0,"33":0,"34":0,"35":0,"36":0,"37":0,"38":0,"39":0,"40":1,"41":0,"42":0,"43":0,"44":0,"45":0,"46":0,"47":0,"48":1,"49":3,"50":3,"51":3,"52":3,"53":0,"54":3,"55":1,"56":2,"57":2,"58":0,"59":1,"60":2,"61":2,"62":2,"63":2,"64":2,"65":0,"66":2,"67":2,"68":2,"69":0,"70":1,"71":5,"72":5,"73":5,"74":0,"75":1},"f":{"0":1,"1":3,"2":3,"3":0,"4":0,"5":3,"6":2,"7":5},"b":{"0":[0,3],"1":[1,2],"2":[3,2],"3":[0,0],"4":[0,0],"5":[0,0],"6":[0,3],"7":[1,2],"8":[3,2],"9":[0,2]},"_coverageSchema":"1a1c01bbd47fc00a2c39e90264f33305004495a9","hash":"48c09ba2c1fdd65021d1b83f61277f27c756328c"}
}
