{"/home/arian/Documentos/Documentos_Arian/NuclioFSD/netflix/backend/src/index.js": {"path":"/home/arian/Documentos/Documentos_Arian/NuclioFSD/netflix/backend/src/index.js","statementMap":{"0":{"start":{"line":1,"column":16},"end":{"line":1,"column":34}},"1":{"start":{"line":2,"column":15},"end":{"line":2,"column":32}},"2":{"start":{"line":3,"column":0},"end":{"line":3,"column":16}},"3":{"start":{"line":4,"column":12},"end":{"line":4,"column":21}},"4":{"start":{"line":5,"column":20},"end":{"line":5,"column":51}},"5":{"start":{"line":6,"column":19},"end":{"line":6,"column":49}},"6":{"start":{"line":7,"column":28},"end":{"line":7,"column":52}},"7":{"start":{"line":10,"column":13},"end":{"line":10,"column":28}},"8":{"start":{"line":11,"column":20},"end":{"line":11,"column":38}},"9":{"start":{"line":12,"column":13},"end":{"line":12,"column":29}},"10":{"start":{"line":14,"column":0},"end":{"line":14,"column":15}},"11":{"start":{"line":15,"column":0},"end":{"line":15,"column":23}},"12":{"start":{"line":16,"column":0},"end":{"line":16,"column":10}},"13":{"start":{"line":17,"column":0},"end":{"line":17,"column":24}},"14":{"start":{"line":18,"column":0},"end":{"line":18,"column":31}},"15":{"start":{"line":19,"column":0},"end":{"line":19,"column":28}},"16":{"start":{"line":21,"column":0},"end":{"line":27,"column":1}},"17":{"start":{"line":22,"column":2},"end":{"line":26,"column":4}},"18":{"start":{"line":23,"column":4},"end":{"line":25,"column":5}},"19":{"start":{"line":24,"column":6},"end":{"line":24,"column":25}},"20":{"start":{"line":29,"column":15},"end":{"line":33,"column":2}},"21":{"start":{"line":30,"column":2},"end":{"line":32,"column":3}},"22":{"start":{"line":31,"column":2},"end":{"line":31,"column":70}},"23":{"start":{"line":36,"column":0},"end":{"line":36,"column":33}}},"fnMap":{"0":{"name":"(anonymous_0)","decl":{"start":{"line":22,"column":20},"end":{"line":22,"column":21}},"loc":{"start":{"line":22,"column":37},"end":{"line":26,"column":3}},"line":22},"1":{"name":"(anonymous_1)","decl":{"start":{"line":29,"column":32},"end":{"line":29,"column":33}},"loc":{"start":{"line":29,"column":38},"end":{"line":33,"column":1}},"line":29}},"branchMap":{"0":{"loc":{"start":{"line":21,"column":0},"end":{"line":27,"column":1}},"type":"if","locations":[{"start":{"line":21,"column":0},"end":{"line":27,"column":1}},{"start":{},"end":{}}],"line":21},"1":{"loc":{"start":{"line":23,"column":4},"end":{"line":25,"column":5}},"type":"if","locations":[{"start":{"line":23,"column":4},"end":{"line":25,"column":5}},{"start":{},"end":{}}],"line":23},"2":{"loc":{"start":{"line":30,"column":2},"end":{"line":32,"column":3}},"type":"if","locations":[{"start":{"line":30,"column":2},"end":{"line":32,"column":3}},{"start":{},"end":{}}],"line":30}},"s":{"0":1,"1":1,"2":1,"3":1,"4":1,"5":1,"6":1,"7":1,"8":1,"9":1,"10":1,"11":1,"12":1,"13":1,"14":1,"15":1,"16":1,"17":0,"18":0,"19":0,"20":1,"21":1,"22":0,"23":1},"f":{"0":0,"1":1},"b":{"0":[0,1],"1":[0,0],"2":[0,1]},"_coverageSchema":"1a1c01bbd47fc00a2c39e90264f33305004495a9","hash":"8a1b0306d895dd46d2aa860e024ed4aefe19251d"}
,"/home/arian/Documentos/Documentos_Arian/NuclioFSD/netflix/backend/src/helpers/isAdmin.js": {"path":"/home/arian/Documentos/Documentos_Arian/NuclioFSD/netflix/backend/src/helpers/isAdmin.js","statementMap":{"0":{"start":{"line":1,"column":0},"end":{"line":6,"column":1}},"1":{"start":{"line":2,"column":4},"end":{"line":4,"column":5}},"2":{"start":{"line":3,"column":8},"end":{"line":3,"column":74}},"3":{"start":{"line":5,"column":4},"end":{"line":5,"column":10}}},"fnMap":{"0":{"name":"(anonymous_0)","decl":{"start":{"line":1,"column":18},"end":{"line":1,"column":19}},"loc":{"start":{"line":1,"column":47},"end":{"line":6,"column":1}},"line":1}},"branchMap":{"0":{"loc":{"start":{"line":2,"column":4},"end":{"line":4,"column":5}},"type":"if","locations":[{"start":{"line":2,"column":4},"end":{"line":4,"column":5}},{"start":{},"end":{}}],"line":2}},"s":{"0":1,"1":5,"2":1,"3":4},"f":{"0":5},"b":{"0":[1,4]},"_coverageSchema":"1a1c01bbd47fc00a2c39e90264f33305004495a9","hash":"e63548aeb03e1b8d0b8cb1cebe222510295c2e68"}
,"/home/arian/Documentos/Documentos_Arian/NuclioFSD/netflix/backend/src/helpers/verifyToken.js": {"path":"/home/arian/Documentos/Documentos_Arian/NuclioFSD/netflix/backend/src/helpers/verifyToken.js","statementMap":{"0":{"start":{"line":1,"column":16},"end":{"line":1,"column":34}},"1":{"start":{"line":2,"column":12},"end":{"line":2,"column":35}},"2":{"start":{"line":3,"column":18},"end":{"line":3,"column":40}},"3":{"start":{"line":6,"column":20},"end":{"line":6,"column":36}},"4":{"start":{"line":9,"column":0},"end":{"line":27,"column":3}},"5":{"start":{"line":10,"column":23},"end":{"line":10,"column":52}},"6":{"start":{"line":12,"column":4},"end":{"line":26,"column":5}},"7":{"start":{"line":13,"column":22},"end":{"line":13,"column":46}},"8":{"start":{"line":14,"column":8},"end":{"line":21,"column":11}},"9":{"start":{"line":15,"column":12},"end":{"line":20,"column":13}},"10":{"start":{"line":16,"column":16},"end":{"line":16,"column":79}},"11":{"start":{"line":18,"column":16},"end":{"line":18,"column":42}},"12":{"start":{"line":19,"column":16},"end":{"line":19,"column":23}},"13":{"start":{"line":23,"column":8},"end":{"line":25,"column":11}},"14":{"start":{"line":28,"column":0},"end":{"line":28,"column":30}}},"fnMap":{"0":{"name":"(anonymous_0)","decl":{"start":{"line":9,"column":16},"end":{"line":9,"column":17}},"loc":{"start":{"line":9,"column":45},"end":{"line":27,"column":1}},"line":9},"1":{"name":"(anonymous_1)","decl":{"start":{"line":14,"column":37},"end":{"line":14,"column":38}},"loc":{"start":{"line":14,"column":57},"end":{"line":21,"column":9}},"line":14}},"branchMap":{"0":{"loc":{"start":{"line":12,"column":4},"end":{"line":26,"column":5}},"type":"if","locations":[{"start":{"line":12,"column":4},"end":{"line":26,"column":5}},{"start":{"line":22,"column":11},"end":{"line":26,"column":5}}],"line":12},"1":{"loc":{"start":{"line":15,"column":12},"end":{"line":20,"column":13}},"type":"if","locations":[{"start":{"line":15,"column":12},"end":{"line":20,"column":13}},{"start":{"line":17,"column":19},"end":{"line":20,"column":13}}],"line":15}},"s":{"0":1,"1":1,"2":1,"3":1,"4":1,"5":0,"6":0,"7":0,"8":0,"9":0,"10":0,"11":0,"12":0,"13":0,"14":1},"f":{"0":0,"1":0},"b":{"0":[0,0],"1":[0,0]},"_coverageSchema":"1a1c01bbd47fc00a2c39e90264f33305004495a9","hash":"ae3e0a3ad5a55f556da298ad218d1a48f5f55c27"}
,"/home/arian/Documentos/Documentos_Arian/NuclioFSD/netflix/backend/src/mongo/index.js": {"path":"/home/arian/Documentos/Documentos_Arian/NuclioFSD/netflix/backend/src/mongo/index.js","statementMap":{"0":{"start":{"line":1,"column":17},"end":{"line":1,"column":36}},"1":{"start":{"line":2,"column":21},"end":{"line":2,"column":45}},"2":{"start":{"line":3,"column":30},"end":{"line":3,"column":62}},"3":{"start":{"line":4,"column":17},"end":{"line":4,"column":49}},"4":{"start":{"line":8,"column":13},"end":{"line":8,"column":17}},"5":{"start":{"line":10,"column":18},"end":{"line":57,"column":1}},"6":{"start":{"line":11,"column":4},"end":{"line":56,"column":5}},"7":{"start":{"line":12,"column":20},"end":{"line":12,"column":80}},"8":{"start":{"line":13,"column":8},"end":{"line":16,"column":9}},"9":{"start":{"line":14,"column":12},"end":{"line":14,"column":54}},"10":{"start":{"line":15,"column":12},"end":{"line":15,"column":36}},"11":{"start":{"line":18,"column":8},"end":{"line":21,"column":11}},"12":{"start":{"line":23,"column":8},"end":{"line":26,"column":9}},"13":{"start":{"line":24,"column":12},"end":{"line":24,"column":49}},"14":{"start":{"line":25,"column":12},"end":{"line":25,"column":60}},"15":{"start":{"line":28,"column":22},"end":{"line":28,"column":59}},"16":{"start":{"line":29,"column":8},"end":{"line":49,"column":9}},"17":{"start":{"line":30,"column":12},"end":{"line":32,"column":13}},"18":{"start":{"line":31,"column":16},"end":{"line":31,"column":84}},"19":{"start":{"line":34,"column":26},"end":{"line":39,"column":14}},"20":{"start":{"line":41,"column":12},"end":{"line":41,"column":31}},"21":{"start":{"line":42,"column":12},"end":{"line":44,"column":13}},"22":{"start":{"line":43,"column":16},"end":{"line":43,"column":80}},"23":{"start":{"line":46,"column":12},"end":{"line":48,"column":13}},"24":{"start":{"line":47,"column":16},"end":{"line":47,"column":78}},"25":{"start":{"line":55,"column":8},"end":{"line":55,"column":25}},"26":{"start":{"line":59,"column":21},"end":{"line":68,"column":1}},"27":{"start":{"line":60,"column":4},"end":{"line":67,"column":5}},"28":{"start":{"line":61,"column":8},"end":{"line":61,"column":42}},"29":{"start":{"line":62,"column":8},"end":{"line":64,"column":9}},"30":{"start":{"line":63,"column":12},"end":{"line":63,"column":32}},"31":{"start":{"line":66,"column":8},"end":{"line":66,"column":25}},"32":{"start":{"line":70,"column":0},"end":{"line":70,"column":45}}},"fnMap":{"0":{"name":"(anonymous_0)","decl":{"start":{"line":10,"column":18},"end":{"line":10,"column":19}},"loc":{"start":{"line":10,"column":30},"end":{"line":57,"column":1}},"line":10},"1":{"name":"(anonymous_1)","decl":{"start":{"line":59,"column":21},"end":{"line":59,"column":22}},"loc":{"start":{"line":59,"column":33},"end":{"line":68,"column":1}},"line":59}},"branchMap":{"0":{"loc":{"start":{"line":13,"column":8},"end":{"line":16,"column":9}},"type":"if","locations":[{"start":{"line":13,"column":8},"end":{"line":16,"column":9}},{"start":{},"end":{}}],"line":13},"1":{"loc":{"start":{"line":23,"column":8},"end":{"line":26,"column":9}},"type":"if","locations":[{"start":{"line":23,"column":8},"end":{"line":26,"column":9}},{"start":{},"end":{}}],"line":23},"2":{"loc":{"start":{"line":29,"column":8},"end":{"line":49,"column":9}},"type":"if","locations":[{"start":{"line":29,"column":8},"end":{"line":49,"column":9}},{"start":{"line":45,"column":15},"end":{"line":49,"column":9}}],"line":29},"3":{"loc":{"start":{"line":30,"column":12},"end":{"line":32,"column":13}},"type":"if","locations":[{"start":{"line":30,"column":12},"end":{"line":32,"column":13}},{"start":{},"end":{}}],"line":30},"4":{"loc":{"start":{"line":42,"column":12},"end":{"line":44,"column":13}},"type":"if","locations":[{"start":{"line":42,"column":12},"end":{"line":44,"column":13}},{"start":{},"end":{}}],"line":42},"5":{"loc":{"start":{"line":46,"column":12},"end":{"line":48,"column":13}},"type":"if","locations":[{"start":{"line":46,"column":12},"end":{"line":48,"column":13}},{"start":{},"end":{}}],"line":46},"6":{"loc":{"start":{"line":62,"column":8},"end":{"line":64,"column":9}},"type":"if","locations":[{"start":{"line":62,"column":8},"end":{"line":64,"column":9}},{"start":{},"end":{}}],"line":62}},"s":{"0":1,"1":1,"2":1,"3":1,"4":1,"5":1,"6":1,"7":1,"8":1,"9":1,"10":1,"11":1,"12":1,"13":0,"14":0,"15":1,"16":1,"17":1,"18":0,"19":1,"20":1,"21":1,"22":0,"23":0,"24":0,"25":0,"26":1,"27":1,"28":1,"29":1,"30":1,"31":0,"32":1},"f":{"0":1,"1":1},"b":{"0":[1,0],"1":[0,1],"2":[1,0],"3":[0,1],"4":[0,1],"5":[0,0],"6":[1,0]},"_coverageSchema":"1a1c01bbd47fc00a2c39e90264f33305004495a9","hash":"39bc04692db4693f728db8061f4699cdfc65dafb"}
,"/home/arian/Documentos/Documentos_Arian/NuclioFSD/netflix/backend/src/mongo/schemas/movie.js": {"path":"/home/arian/Documentos/Documentos_Arian/NuclioFSD/netflix/backend/src/mongo/schemas/movie.js","statementMap":{"0":{"start":{"line":1,"column":26},"end":{"line":1,"column":45}},"1":{"start":{"line":4,"column":20},"end":{"line":18,"column":2}},"2":{"start":{"line":20,"column":14},"end":{"line":20,"column":41}},"3":{"start":{"line":21,"column":0},"end":{"line":21,"column":23}}},"fnMap":{},"branchMap":{},"s":{"0":1,"1":1,"2":1,"3":1},"f":{},"b":{},"_coverageSchema":"1a1c01bbd47fc00a2c39e90264f33305004495a9","hash":"29d51c02f0361425867f1b70cb3cd0f79afe8695"}
,"/home/arian/Documentos/Documentos_Arian/NuclioFSD/netflix/backend/src/mongo/schemas/user.js": {"path":"/home/arian/Documentos/Documentos_Arian/NuclioFSD/netflix/backend/src/mongo/schemas/user.js","statementMap":{"0":{"start":{"line":1,"column":26},"end":{"line":1,"column":45}},"1":{"start":{"line":2,"column":0},"end":{"line":2,"column":27}},"2":{"start":{"line":3,"column":18},"end":{"line":3,"column":40}},"3":{"start":{"line":4,"column":13},"end":{"line":4,"column":30}},"4":{"start":{"line":5,"column":10},"end":{"line":5,"column":33}},"5":{"start":{"line":9,"column":19},"end":{"line":21,"column":2}},"6":{"start":{"line":23,"column":0},"end":{"line":28,"column":3}},"7":{"start":{"line":24,"column":1},"end":{"line":24,"column":48}},"8":{"start":{"line":24,"column":34},"end":{"line":24,"column":48}},"9":{"start":{"line":25,"column":14},"end":{"line":25,"column":68}},"10":{"start":{"line":26,"column":1},"end":{"line":26,"column":22}},"11":{"start":{"line":27,"column":1},"end":{"line":27,"column":8}},"12":{"start":{"line":31,"column":0},"end":{"line":33,"column":2}},"13":{"start":{"line":32,"column":2},"end":{"line":32,"column":54}},"14":{"start":{"line":35,"column":20},"end":{"line":50,"column":1}},"15":{"start":{"line":36,"column":16},"end":{"line":36,"column":26}},"16":{"start":{"line":37,"column":25},"end":{"line":37,"column":35}},"17":{"start":{"line":38,"column":2},"end":{"line":38,"column":46}},"18":{"start":{"line":40,"column":16},"end":{"line":45,"column":3}},"19":{"start":{"line":47,"column":2},"end":{"line":49,"column":4}},"20":{"start":{"line":52,"column":13},"end":{"line":52,"column":38}},"21":{"start":{"line":53,"column":0},"end":{"line":53,"column":39}}},"fnMap":{"0":{"name":"(anonymous_0)","decl":{"start":{"line":23,"column":23},"end":{"line":23,"column":24}},"loc":{"start":{"line":23,"column":37},"end":{"line":28,"column":1}},"line":23},"1":{"name":"(anonymous_1)","decl":{"start":{"line":31,"column":37},"end":{"line":31,"column":38}},"loc":{"start":{"line":31,"column":63},"end":{"line":33,"column":1}},"line":31},"2":{"name":"(anonymous_2)","decl":{"start":{"line":35,"column":20},"end":{"line":35,"column":21}},"loc":{"start":{"line":35,"column":36},"end":{"line":50,"column":1}},"line":35}},"branchMap":{"0":{"loc":{"start":{"line":24,"column":1},"end":{"line":24,"column":48}},"type":"if","locations":[{"start":{"line":24,"column":1},"end":{"line":24,"column":48}},{"start":{},"end":{}}],"line":24}},"s":{"0":1,"1":1,"2":1,"3":1,"4":1,"5":1,"6":1,"7":5,"8":0,"9":5,"10":5,"11":5,"12":1,"13":0,"14":1,"15":5,"16":5,"17":5,"18":5,"19":5,"20":1,"21":1},"f":{"0":5,"1":0,"2":5},"b":{"0":[0,5]},"_coverageSchema":"1a1c01bbd47fc00a2c39e90264f33305004495a9","hash":"d42f11f87e2283b826efcb4cbf06ab947a36465e"}
,"/home/arian/Documentos/Documentos_Arian/NuclioFSD/netflix/backend/src/routes/Auth.js": {"path":"/home/arian/Documentos/Documentos_Arian/NuclioFSD/netflix/backend/src/routes/Auth.js","statementMap":{"0":{"start":{"line":1,"column":23},"end":{"line":1,"column":45}},"1":{"start":{"line":2,"column":16},"end":{"line":2,"column":34}},"2":{"start":{"line":3,"column":0},"end":{"line":3,"column":27}},"3":{"start":{"line":4,"column":18},"end":{"line":4,"column":40}},"4":{"start":{"line":5,"column":13},"end":{"line":5,"column":30}},"5":{"start":{"line":6,"column":30},"end":{"line":6,"column":62}},"6":{"start":{"line":7,"column":21},"end":{"line":7,"column":39}},"7":{"start":{"line":9,"column":19},"end":{"line":9,"column":35}},"8":{"start":{"line":11,"column":0},"end":{"line":36,"column":3}},"9":{"start":{"line":12,"column":4},"end":{"line":35,"column":5}},"10":{"start":{"line":13,"column":27},"end":{"line":13,"column":76}},"11":{"start":{"line":14,"column":8},"end":{"line":18,"column":9}},"12":{"start":{"line":15,"column":12},"end":{"line":17,"column":14}},"13":{"start":{"line":19,"column":21},"end":{"line":19,"column":43}},"14":{"start":{"line":20,"column":8},"end":{"line":20,"column":26}},"15":{"start":{"line":21,"column":22},"end":{"line":21,"column":39}},"16":{"start":{"line":22,"column":8},"end":{"line":29,"column":10}},"17":{"start":{"line":32,"column":8},"end":{"line":34,"column":10}},"18":{"start":{"line":39,"column":0},"end":{"line":65,"column":3}},"19":{"start":{"line":40,"column":4},"end":{"line":64,"column":5}},"20":{"start":{"line":41,"column":36},"end":{"line":41,"column":48}},"21":{"start":{"line":42,"column":21},"end":{"line":42,"column":50}},"22":{"start":{"line":43,"column":8},"end":{"line":45,"column":9}},"23":{"start":{"line":44,"column":12},"end":{"line":44,"column":80}},"24":{"start":{"line":46,"column":23},"end":{"line":46,"column":59}},"25":{"start":{"line":47,"column":8},"end":{"line":49,"column":9}},"26":{"start":{"line":48,"column":12},"end":{"line":48,"column":80}},"27":{"start":{"line":50,"column":22},"end":{"line":50,"column":39}},"28":{"start":{"line":51,"column":8},"end":{"line":58,"column":10}},"29":{"start":{"line":61,"column":8},"end":{"line":63,"column":10}},"30":{"start":{"line":69,"column":14},"end":{"line":73,"column":1}},"31":{"start":{"line":70,"column":4},"end":{"line":72,"column":8}},"32":{"start":{"line":76,"column":0},"end":{"line":76,"column":39}}},"fnMap":{"0":{"name":"(anonymous_0)","decl":{"start":{"line":11,"column":29},"end":{"line":11,"column":30}},"loc":{"start":{"line":11,"column":58},"end":{"line":36,"column":1}},"line":11},"1":{"name":"(anonymous_1)","decl":{"start":{"line":39,"column":26},"end":{"line":39,"column":27}},"loc":{"start":{"line":39,"column":55},"end":{"line":65,"column":1}},"line":39},"2":{"name":"(anonymous_2)","decl":{"start":{"line":69,"column":14},"end":{"line":69,"column":15}},"loc":{"start":{"line":69,"column":23},"end":{"line":73,"column":1}},"line":69}},"branchMap":{"0":{"loc":{"start":{"line":14,"column":8},"end":{"line":18,"column":9}},"type":"if","locations":[{"start":{"line":14,"column":8},"end":{"line":18,"column":9}},{"start":{},"end":{}}],"line":14},"1":{"loc":{"start":{"line":43,"column":8},"end":{"line":45,"column":9}},"type":"if","locations":[{"start":{"line":43,"column":8},"end":{"line":45,"column":9}},{"start":{},"end":{}}],"line":43},"2":{"loc":{"start":{"line":47,"column":8},"end":{"line":49,"column":9}},"type":"if","locations":[{"start":{"line":47,"column":8},"end":{"line":49,"column":9}},{"start":{},"end":{}}],"line":47}},"s":{"0":1,"1":1,"2":1,"3":1,"4":1,"5":1,"6":1,"7":1,"8":1,"9":0,"10":0,"11":0,"12":0,"13":0,"14":0,"15":0,"16":0,"17":0,"18":1,"19":0,"20":0,"21":0,"22":0,"23":0,"24":0,"25":0,"26":0,"27":0,"28":0,"29":0,"30":1,"31":1,"32":1},"f":{"0":0,"1":0,"2":1},"b":{"0":[0,0],"1":[0,0],"2":[0,0]},"_coverageSchema":"1a1c01bbd47fc00a2c39e90264f33305004495a9","hash":"acdb48f8b45945386755028d0c0632de02b4790d"}
,"/home/arian/Documentos/Documentos_Arian/NuclioFSD/netflix/backend/src/routes/MovieRoutes.js": {"path":"/home/arian/Documentos/Documentos_Arian/NuclioFSD/netflix/backend/src/routes/MovieRoutes.js","statementMap":{"0":{"start":{"line":1,"column":16},"end":{"line":1,"column":34}},"1":{"start":{"line":2,"column":14},"end":{"line":2,"column":47}},"2":{"start":{"line":6,"column":20},"end":{"line":6,"column":36}},"3":{"start":{"line":9,"column":0},"end":{"line":16,"column":2}},"4":{"start":{"line":10,"column":19},"end":{"line":10,"column":39}},"5":{"start":{"line":11,"column":4},"end":{"line":15,"column":5}},"6":{"start":{"line":12,"column":8},"end":{"line":12,"column":29}},"7":{"start":{"line":14,"column":8},"end":{"line":14,"column":40}},"8":{"start":{"line":19,"column":0},"end":{"line":36,"column":2}},"9":{"start":{"line":20,"column":4},"end":{"line":20,"column":34}},"10":{"start":{"line":21,"column":4},"end":{"line":35,"column":5}},"11":{"start":{"line":22,"column":23},"end":{"line":22,"column":37}},"12":{"start":{"line":23,"column":22},"end":{"line":25,"column":10}},"13":{"start":{"line":27,"column":8},"end":{"line":30,"column":9}},"14":{"start":{"line":28,"column":26},"end":{"line":28,"column":58}},"15":{"start":{"line":29,"column":12},"end":{"line":29,"column":30}},"16":{"start":{"line":32,"column":8},"end":{"line":32,"column":28}},"17":{"start":{"line":34,"column":8},"end":{"line":34,"column":19}},"18":{"start":{"line":40,"column":0},"end":{"line":48,"column":3}},"19":{"start":{"line":41,"column":21},"end":{"line":41,"column":44}},"20":{"start":{"line":42,"column":4},"end":{"line":47,"column":5}},"21":{"start":{"line":43,"column":8},"end":{"line":43,"column":29}},"22":{"start":{"line":44,"column":8},"end":{"line":44,"column":31}},"23":{"start":{"line":46,"column":8},"end":{"line":46,"column":40}},"24":{"start":{"line":54,"column":0},"end":{"line":63,"column":2}},"25":{"start":{"line":55,"column":4},"end":{"line":62,"column":5}},"26":{"start":{"line":56,"column":22},"end":{"line":56,"column":70}},"27":{"start":{"line":58,"column":8},"end":{"line":58,"column":62}},"28":{"start":{"line":58,"column":20},"end":{"line":58,"column":62}},"29":{"start":{"line":59,"column":8},"end":{"line":59,"column":35}},"30":{"start":{"line":61,"column":8},"end":{"line":61,"column":40}},"31":{"start":{"line":66,"column":0},"end":{"line":76,"column":2}},"32":{"start":{"line":67,"column":4},"end":{"line":75,"column":5}},"33":{"start":{"line":68,"column":22},"end":{"line":68,"column":99}},"34":{"start":{"line":69,"column":8},"end":{"line":71,"column":9}},"35":{"start":{"line":70,"column":12},"end":{"line":70,"column":54}},"36":{"start":{"line":72,"column":8},"end":{"line":72,"column":40}},"37":{"start":{"line":74,"column":8},"end":{"line":74,"column":40}},"38":{"start":{"line":80,"column":0},"end":{"line":80,"column":29}}},"fnMap":{"0":{"name":"(anonymous_0)","decl":{"start":{"line":9,"column":21},"end":{"line":9,"column":22}},"loc":{"start":{"line":9,"column":50},"end":{"line":16,"column":1}},"line":9},"1":{"name":"(anonymous_1)","decl":{"start":{"line":19,"column":24},"end":{"line":19,"column":25}},"loc":{"start":{"line":19,"column":59},"end":{"line":36,"column":1}},"line":19},"2":{"name":"(anonymous_2)","decl":{"start":{"line":40,"column":22},"end":{"line":40,"column":23}},"loc":{"start":{"line":40,"column":51},"end":{"line":48,"column":1}},"line":40},"3":{"name":"(anonymous_3)","decl":{"start":{"line":54,"column":27},"end":{"line":54,"column":28}},"loc":{"start":{"line":54,"column":56},"end":{"line":63,"column":1}},"line":54},"4":{"name":"(anonymous_4)","decl":{"start":{"line":66,"column":26},"end":{"line":66,"column":27}},"loc":{"start":{"line":66,"column":55},"end":{"line":76,"column":1}},"line":66}},"branchMap":{"0":{"loc":{"start":{"line":27,"column":8},"end":{"line":30,"column":9}},"type":"if","locations":[{"start":{"line":27,"column":8},"end":{"line":30,"column":9}},{"start":{},"end":{}}],"line":27},"1":{"loc":{"start":{"line":58,"column":8},"end":{"line":58,"column":62}},"type":"if","locations":[{"start":{"line":58,"column":8},"end":{"line":58,"column":62}},{"start":{},"end":{}}],"line":58},"2":{"loc":{"start":{"line":69,"column":8},"end":{"line":71,"column":9}},"type":"if","locations":[{"start":{"line":69,"column":8},"end":{"line":71,"column":9}},{"start":{},"end":{}}],"line":69}},"s":{"0":1,"1":1,"2":1,"3":1,"4":0,"5":0,"6":0,"7":0,"8":1,"9":0,"10":0,"11":0,"12":0,"13":0,"14":0,"15":0,"16":0,"17":0,"18":1,"19":0,"20":0,"21":0,"22":0,"23":0,"24":1,"25":0,"26":0,"27":0,"28":0,"29":0,"30":0,"31":1,"32":0,"33":0,"34":0,"35":0,"36":0,"37":0,"38":1},"f":{"0":0,"1":0,"2":0,"3":0,"4":0},"b":{"0":[0,0],"1":[0,0],"2":[0,0]},"_coverageSchema":"1a1c01bbd47fc00a2c39e90264f33305004495a9","hash":"729ad82c490d1ac4a55eec287c0cfcdd4e57cf36"}
,"/home/arian/Documentos/Documentos_Arian/NuclioFSD/netflix/backend/src/routes/UserRoutes.js": {"path":"/home/arian/Documentos/Documentos_Arian/NuclioFSD/netflix/backend/src/routes/UserRoutes.js","statementMap":{"0":{"start":{"line":1,"column":16},"end":{"line":1,"column":34}},"1":{"start":{"line":2,"column":17},"end":{"line":2,"column":49}},"2":{"start":{"line":3,"column":20},"end":{"line":3,"column":53}},"3":{"start":{"line":4,"column":18},"end":{"line":4,"column":47}},"4":{"start":{"line":7,"column":19},"end":{"line":7,"column":35}},"5":{"start":{"line":10,"column":0},"end":{"line":17,"column":2}},"6":{"start":{"line":11,"column":18},"end":{"line":11,"column":37}},"7":{"start":{"line":12,"column":4},"end":{"line":16,"column":5}},"8":{"start":{"line":13,"column":8},"end":{"line":13,"column":28}},"9":{"start":{"line":15,"column":8},"end":{"line":15,"column":40}},"10":{"start":{"line":20,"column":0},"end":{"line":33,"column":2}},"11":{"start":{"line":21,"column":15},"end":{"line":21,"column":32}},"12":{"start":{"line":22,"column":4},"end":{"line":32,"column":5}},"13":{"start":{"line":23,"column":21},"end":{"line":23,"column":44}},"14":{"start":{"line":24,"column":8},"end":{"line":24,"column":81}},"15":{"start":{"line":24,"column":19},"end":{"line":24,"column":81}},"16":{"start":{"line":25,"column":8},"end":{"line":29,"column":9}},"17":{"start":{"line":26,"column":12},"end":{"line":26,"column":75}},"18":{"start":{"line":28,"column":12},"end":{"line":28,"column":50}},"19":{"start":{"line":31,"column":8},"end":{"line":31,"column":40}},"20":{"start":{"line":35,"column":0},"end":{"line":45,"column":3}},"21":{"start":{"line":36,"column":17},"end":{"line":36,"column":29}},"22":{"start":{"line":37,"column":17},"end":{"line":41,"column":5}},"23":{"start":{"line":42,"column":20},"end":{"line":42,"column":34}},"24":{"start":{"line":43,"column":4},"end":{"line":43,"column":24}},"25":{"start":{"line":44,"column":4},"end":{"line":44,"column":38}},"26":{"start":{"line":48,"column":0},"end":{"line":63,"column":2}},"27":{"start":{"line":49,"column":15},"end":{"line":49,"column":32}},"28":{"start":{"line":50,"column":4},"end":{"line":62,"column":5}},"29":{"start":{"line":51,"column":21},"end":{"line":51,"column":44}},"30":{"start":{"line":52,"column":8},"end":{"line":52,"column":74}},"31":{"start":{"line":52,"column":19},"end":{"line":52,"column":74}},"32":{"start":{"line":53,"column":8},"end":{"line":58,"column":9}},"33":{"start":{"line":54,"column":12},"end":{"line":54,"column":75}},"34":{"start":{"line":56,"column":12},"end":{"line":56,"column":60}},"35":{"start":{"line":57,"column":12},"end":{"line":57,"column":60}},"36":{"start":{"line":61,"column":8},"end":{"line":61,"column":66}},"37":{"start":{"line":66,"column":0},"end":{"line":82,"column":2}},"38":{"start":{"line":67,"column":4},"end":{"line":79,"column":5}},"39":{"start":{"line":68,"column":21},"end":{"line":68,"column":59}},"40":{"start":{"line":69,"column":8},"end":{"line":69,"column":75}},"41":{"start":{"line":69,"column":19},"end":{"line":69,"column":75}},"42":{"start":{"line":70,"column":8},"end":{"line":75,"column":9}},"43":{"start":{"line":71,"column":12},"end":{"line":71,"column":75}},"44":{"start":{"line":73,"column":32},"end":{"line":73,"column":117}},"45":{"start":{"line":74,"column":12},"end":{"line":74,"column":57}},"46":{"start":{"line":78,"column":8},"end":{"line":78,"column":66}},"47":{"start":{"line":86,"column":0},"end":{"line":86,"column":28}}},"fnMap":{"0":{"name":"(anonymous_0)","decl":{"start":{"line":10,"column":20},"end":{"line":10,"column":21}},"loc":{"start":{"line":10,"column":49},"end":{"line":17,"column":1}},"line":10},"1":{"name":"(anonymous_1)","decl":{"start":{"line":20,"column":23},"end":{"line":20,"column":24}},"loc":{"start":{"line":20,"column":52},"end":{"line":33,"column":1}},"line":20},"2":{"name":"(anonymous_2)","decl":{"start":{"line":35,"column":30},"end":{"line":35,"column":31}},"loc":{"start":{"line":35,"column":59},"end":{"line":45,"column":1}},"line":35},"3":{"name":"(anonymous_3)","decl":{"start":{"line":48,"column":26},"end":{"line":48,"column":27}},"loc":{"start":{"line":48,"column":55},"end":{"line":63,"column":1}},"line":48},"4":{"name":"(anonymous_4)","decl":{"start":{"line":66,"column":26},"end":{"line":66,"column":27}},"loc":{"start":{"line":66,"column":55},"end":{"line":82,"column":1}},"line":66}},"branchMap":{"0":{"loc":{"start":{"line":24,"column":8},"end":{"line":24,"column":81}},"type":"if","locations":[{"start":{"line":24,"column":8},"end":{"line":24,"column":81}},{"start":{},"end":{}}],"line":24},"1":{"loc":{"start":{"line":25,"column":8},"end":{"line":29,"column":9}},"type":"if","locations":[{"start":{"line":25,"column":8},"end":{"line":29,"column":9}},{"start":{"line":27,"column":15},"end":{"line":29,"column":9}}],"line":25},"2":{"loc":{"start":{"line":25,"column":12},"end":{"line":25,"column":82}},"type":"binary-expr","locations":[{"start":{"line":25,"column":12},"end":{"line":25,"column":49}},{"start":{"line":25,"column":53},"end":{"line":25,"column":82}}],"line":25},"3":{"loc":{"start":{"line":52,"column":8},"end":{"line":52,"column":74}},"type":"if","locations":[{"start":{"line":52,"column":8},"end":{"line":52,"column":74}},{"start":{},"end":{}}],"line":52},"4":{"loc":{"start":{"line":53,"column":8},"end":{"line":58,"column":9}},"type":"if","locations":[{"start":{"line":53,"column":8},"end":{"line":58,"column":9}},{"start":{"line":55,"column":15},"end":{"line":58,"column":9}}],"line":53},"5":{"loc":{"start":{"line":53,"column":12},"end":{"line":53,"column":82}},"type":"binary-expr","locations":[{"start":{"line":53,"column":12},"end":{"line":53,"column":49}},{"start":{"line":53,"column":53},"end":{"line":53,"column":82}}],"line":53},"6":{"loc":{"start":{"line":69,"column":8},"end":{"line":69,"column":75}},"type":"if","locations":[{"start":{"line":69,"column":8},"end":{"line":69,"column":75}},{"start":{},"end":{}}],"line":69},"7":{"loc":{"start":{"line":70,"column":8},"end":{"line":75,"column":9}},"type":"if","locations":[{"start":{"line":70,"column":8},"end":{"line":75,"column":9}},{"start":{"line":72,"column":15},"end":{"line":75,"column":9}}],"line":70},"8":{"loc":{"start":{"line":70,"column":12},"end":{"line":70,"column":82}},"type":"binary-expr","locations":[{"start":{"line":70,"column":12},"end":{"line":70,"column":49}},{"start":{"line":70,"column":53},"end":{"line":70,"column":82}}],"line":70}},"s":{"0":1,"1":1,"2":1,"3":1,"4":1,"5":1,"6":1,"7":1,"8":1,"9":0,"10":1,"11":3,"12":3,"13":3,"14":3,"15":0,"16":3,"17":1,"18":2,"19":0,"20":1,"21":4,"22":4,"23":4,"24":4,"25":4,"26":1,"27":3,"28":3,"29":3,"30":3,"31":0,"32":3,"33":1,"34":2,"35":2,"36":0,"37":1,"38":5,"39":5,"40":5,"41":0,"42":5,"43":1,"44":4,"45":4,"46":0,"47":1},"f":{"0":1,"1":3,"2":4,"3":3,"4":5},"b":{"0":[0,3],"1":[1,2],"2":[3,2],"3":[0,3],"4":[1,2],"5":[3,2],"6":[0,5],"7":[1,4],"8":[5,2]},"_coverageSchema":"1a1c01bbd47fc00a2c39e90264f33305004495a9","hash":"d344e9ae67c5eb62cf56fc6ce513700ea86d0966"}
}
