TN:
SF:src/index.js
FN:22,(anonymous_0)
FN:29,(anonymous_1)
FNF:2
FNH:1
FNDA:0,(anonymous_0)
FNDA:1,(anonymous_1)
DA:1,1
DA:2,1
DA:3,1
DA:4,1
DA:5,1
DA:6,1
DA:7,1
DA:10,1
DA:11,1
DA:12,1
DA:14,1
DA:15,1
DA:16,1
DA:17,1
DA:18,1
DA:19,1
DA:21,1
DA:22,0
DA:23,0
DA:24,0
DA:29,1
DA:30,1
DA:31,0
DA:36,1
LF:24
LH:20
BRDA:12,0,0,1
BRDA:12,0,1,0
BRDA:21,1,0,0
BRDA:21,1,1,1
BRDA:23,2,0,0
BRDA:23,2,1,0
BRDA:30,3,0,0
BRDA:30,3,1,1
BRF:8
BRH:3
end_of_record
TN:
SF:src/helpers/isAdmin.js
FN:1,(anonymous_0)
FN:10,(anonymous_1)
FNF:2
FNH:2
FNDA:4,(anonymous_0)
FNDA:9,(anonymous_1)
DA:1,1
DA:2,4
DA:3,1
DA:5,3
DA:10,1
DA:11,9
DA:12,2
DA:14,7
LF:8
LH:8
BRDA:2,0,0,1
BRDA:2,0,1,3
BRDA:11,1,0,2
BRDA:11,1,1,7
BRDA:11,2,0,9
BRDA:11,2,1,6
BRF:6
BRH:6
end_of_record
TN:
SF:src/helpers/verifyToken.js
FN:9,(anonymous_0)
FN:14,(anonymous_1)
FNF:2
FNH:0
FNDA:0,(anonymous_0)
FNDA:0,(anonymous_1)
DA:1,1
DA:2,1
DA:3,1
DA:6,1
DA:9,1
DA:10,0
DA:12,0
DA:13,0
DA:14,0
DA:15,0
DA:16,0
DA:18,0
DA:19,0
DA:23,0
DA:28,1
LF:15
LH:6
BRDA:12,0,0,0
BRDA:12,0,1,0
BRDA:15,1,0,0
BRDA:15,1,1,0
BRF:4
BRH:0
end_of_record
TN:
SF:src/mongo/index.js
FN:10,(anonymous_0)
FN:59,(anonymous_1)
FNF:2
FNH:2
FNDA:1,(anonymous_0)
FNDA:1,(anonymous_1)
DA:1,1
DA:2,1
DA:3,1
DA:4,1
DA:8,1
DA:10,1
DA:11,1
DA:12,1
DA:13,1
DA:14,1
DA:15,1
DA:18,1
DA:23,1
DA:24,0
DA:25,0
DA:28,1
DA:29,1
DA:30,1
DA:31,0
DA:34,1
DA:41,1
DA:42,1
DA:43,0
DA:46,0
DA:47,0
DA:55,0
DA:59,1
DA:60,1
DA:61,1
DA:62,1
DA:63,1
DA:66,0
DA:70,1
LF:33
LH:25
BRDA:13,0,0,1
BRDA:13,0,1,0
BRDA:23,1,0,0
BRDA:23,1,1,1
BRDA:29,2,0,1
BRDA:29,2,1,0
BRDA:30,3,0,0
BRDA:30,3,1,1
BRDA:42,4,0,0
BRDA:42,4,1,1
BRDA:46,5,0,0
BRDA:46,5,1,0
BRDA:62,6,0,1
BRDA:62,6,1,0
BRF:14
BRH:6
end_of_record
TN:
SF:src/mongo/schemas/movie.js
FNF:0
FNH:0
DA:1,1
DA:4,1
DA:20,1
DA:21,1
LF:4
LH:4
BRF:0
BRH:0
end_of_record
TN:
SF:src/mongo/schemas/user.js
FN:25,(anonymous_0)
FN:33,(anonymous_1)
FN:37,(anonymous_2)
FNF:3
FNH:2
FNDA:6,(anonymous_0)
FNDA:0,(anonymous_1)
FNDA:4,(anonymous_2)
DA:1,1
DA:2,1
DA:3,1
DA:4,1
DA:5,1
DA:6,1
DA:10,1
DA:25,1
DA:26,6
DA:27,4
DA:28,4
DA:29,4
DA:33,1
DA:34,0
DA:37,1
DA:38,4
DA:39,4
DA:40,4
DA:42,4
DA:49,4
DA:54,1
DA:55,1
LF:22
LH:21
BRDA:26,0,0,2
BRDA:26,0,1,4
BRF:2
BRH:2
end_of_record
TN:
SF:src/routes/Auth.js
FN:11,(anonymous_0)
FN:40,(anonymous_1)
FN:71,(anonymous_2)
FNF:3
FNH:1
FNDA:0,(anonymous_0)
FNDA:0,(anonymous_1)
FNDA:1,(anonymous_2)
DA:1,1
DA:2,1
DA:3,1
DA:4,1
DA:5,1
DA:6,1
DA:7,1
DA:9,1
DA:11,1
DA:12,0
DA:13,0
DA:14,0
DA:15,0
DA:19,0
DA:20,0
DA:21,0
DA:22,0
DA:33,0
DA:40,1
DA:41,0
DA:42,0
DA:43,0
DA:44,0
DA:45,0
DA:47,0
DA:48,0
DA:49,0
DA:51,0
DA:52,0
DA:63,0
DA:71,1
DA:72,1
DA:78,1
LF:33
LH:13
BRDA:14,0,0,0
BRDA:14,0,1,0
BRDA:44,1,0,0
BRDA:44,1,1,0
BRDA:48,2,0,0
BRDA:48,2,1,0
BRF:6
BRH:0
end_of_record
TN:
SF:src/routes/MovieRoutes.js
FN:8,(anonymous_0)
FN:18,(anonymous_1)
FN:31,(anonymous_2)
FN:45,(anonymous_3)
FN:57,(anonymous_4)
FNF:5
FNH:0
FNDA:0,(anonymous_0)
FNDA:0,(anonymous_1)
FNDA:0,(anonymous_2)
FNDA:0,(anonymous_3)
FNDA:0,(anonymous_4)
DA:1,1
DA:2,1
DA:6,1
DA:8,1
DA:9,0
DA:10,0
DA:11,0
DA:13,0
DA:18,1
DA:19,0
DA:20,0
DA:21,0
DA:22,0
DA:23,0
DA:25,0
DA:31,1
DA:32,0
DA:33,0
DA:34,0
DA:35,0
DA:37,0
DA:45,1
DA:46,0
DA:47,0
DA:49,0
DA:50,0
DA:52,0
DA:57,1
DA:58,0
DA:59,0
DA:60,0
DA:61,0
DA:63,0
DA:65,0
DA:71,1
LF:35
LH:9
BRDA:22,0,0,0
BRDA:22,0,1,0
BRDA:49,1,0,0
BRDA:49,1,1,0
BRDA:60,2,0,0
BRDA:60,2,1,0
BRF:6
BRH:0
end_of_record
TN:
SF:src/routes/UserRoutes.js
FN:11,(anonymous_0)
FN:21,(anonymous_1)
FN:36,(anonymous_2)
FN:49,(anonymous_3)
FN:67,(anonymous_4)
FN:80,(anonymous_5)
FN:98,(anonymous_6)
FN:113,(anonymous_7)
FNF:8
FNH:6
FNDA:1,(anonymous_0)
FNDA:3,(anonymous_1)
FNDA:3,(anonymous_2)
FNDA:0,(anonymous_3)
FNDA:0,(anonymous_4)
FNDA:3,(anonymous_5)
FNDA:2,(anonymous_6)
FNDA:5,(anonymous_7)
DA:1,1
DA:2,1
DA:3,1
DA:4,1
DA:5,1
DA:8,1
DA:11,1
DA:12,1
DA:13,1
DA:14,1
DA:16,0
DA:21,1
DA:22,3
DA:23,3
DA:24,3
DA:25,3
DA:26,3
DA:27,1
DA:29,2
DA:32,0
DA:36,1
DA:37,3
DA:38,3
DA:43,3
DA:44,3
DA:45,3
DA:49,1
DA:50,0
DA:51,0
DA:52,0
DA:53,0
DA:54,0
DA:55,0
DA:56,0
DA:58,0
DA:59,0
DA:60,0
DA:62,0
DA:67,1
DA:68,0
DA:69,0
DA:70,0
DA:71,0
DA:72,0
DA:74,0
DA:80,1
DA:81,3
DA:82,3
DA:83,3
DA:84,3
DA:85,3
DA:86,1
DA:88,2
DA:89,2
DA:93,0
DA:98,1
DA:99,2
DA:100,2
DA:101,2
DA:102,2
DA:103,2
DA:104,2
DA:105,2
DA:106,2
DA:108,0
DA:113,1
DA:114,5
DA:115,5
DA:116,5
DA:118,0
DA:123,1
LF:71
LH:49
BRDA:25,0,0,0
BRDA:25,0,1,3
BRDA:26,1,0,1
BRDA:26,1,1,2
BRDA:26,2,0,3
BRDA:26,2,1,2
BRDA:54,3,0,0
BRDA:54,3,1,0
BRDA:55,4,0,0
BRDA:55,4,1,0
BRDA:71,5,0,0
BRDA:71,5,1,0
BRDA:84,6,0,0
BRDA:84,6,1,3
BRDA:85,7,0,1
BRDA:85,7,1,2
BRDA:85,8,0,3
BRDA:85,8,1,2
BRDA:103,9,0,0
BRDA:103,9,1,2
BRF:20
BRH:11
end_of_record
